# JRE version: 7.0_25-b17
# Java VM: Java HotSpot(TM) Client VM (23.25-b01 mixed mode, sharing windows-x86 )
Heap
 def new generation   total 15744K, used 13869K [0x241a0000, 0x252b0000, 0x296f0000)
  eden space 14016K,  98% used [0x241a0000, 0x24f2b448, 0x24f50000)
  from space 1728K,   0% used [0x24f50000, 0x24f50000, 0x25100000)
  to   space 1728K,   0% used [0x25100000, 0x25100000, 0x252b0000)
 tenured generation   total 34900K, used 20937K [0x296f0000, 0x2b905000, 0x341a0000)
   the space 34900K,  59% used [0x296f0000, 0x2ab62688, 0x2ab62800, 0x2b905000)
 compacting perm gen  total 12288K, used 9760K [0x341a0000, 0x34da0000, 0x381a0000)
   the space 12288K,  79% used [0x341a0000, 0x34b282e8, 0x34b28400, 0x34da0000)
    ro space 10240K,  45% used [0x381a0000, 0x38629b28, 0x38629c00, 0x38ba0000)
    rw space 12288K,  54% used [0x38ba0000, 0x3922d0e8, 0x3922d200, 0x397a0000)
GC Heap History (10 events):
Event: 3.997 GC heap before
{Heap before GC invocations=40 (full 2):
 def new generation   total 8896K, used 8349K [0x241a0000, 0x24b40000, 0x296f0000)
  eden space 7936K, 100% used [0x241a0000, 0x24960000, 0x24960000)
  from space 960K,  43% used [0x24a50000, 0x24ab7640, 0x24b40000)
  to   space 960K,   0% used [0x24960000, 0x24960000, 0x24a50000)
 tenured generation   total 19692K, used 13304K [0x296f0000, 0x2aa2b000, 0x341a0000)
   the space 19692K,  67% used [0x296f0000, 0x2a3ee3e0, 0x2a3ee400, 0x2aa2b000)
 compacting perm gen  total 12288K, used 7184K [0x341a0000, 0x34da0000, 0x381a0000)
   the space 12288K,  58% used [0x341a0000, 0x348a4190, 0x348a4200, 0x34da0000)
    ro space 10240K,  45% used [0x381a0000, 0x38629b28, 0x38629c00, 0x38ba0000)
    rw space 12288K,  54% used [0x38ba0000, 0x3922d0e8, 0x3922d200, 0x397a0000)
Event: 3.999 GC heap after
Heap after GC invocations=41 (full 2):
 def new generation   total 8896K, used 820K [0x241a0000, 0x24b40000, 0x296f0000)
  eden space 7936K,   0% used [0x241a0000, 0x241a0000, 0x24960000)
  from space 960K,  85% used [0x24960000, 0x24a2d318, 0x24a50000)
  to   space 960K,   0% used [0x24a50000, 0x24a50000, 0x24b40000)
 tenured generation   total 19692K, used 13304K [0x296f0000, 0x2aa2b000, 0x341a0000)
   the space 19692K,  67% used [0x296f0000, 0x2a3ee3e0, 0x2a3ee400, 0x2aa2b000)
 compacting perm gen  total 12288K, used 7184K [0x341a0000, 0x34da0000, 0x381a0000)
   the space 12288K,  58% used [0x341a0000, 0x348a4190, 0x348a4200, 0x34da0000)
    ro space 10240K,  45% used [0x381a0000, 0x38629b28, 0x38629c00, 0x38ba0000)
    rw space 12288K,  54% used [0x38ba0000, 0x3922d0e8, 0x3922d200, 0x397a0000)
}
Event: 4.285 GC heap before
{Heap before GC invocations=41 (full 2):
 def new generation   total 8896K, used 8756K [0x241a0000, 0x24b40000, 0x296f0000)
  eden space 7936K, 100% used [0x241a0000, 0x24960000, 0x24960000)
  from space 960K,  85% used [0x24960000, 0x24a2d318, 0x24a50000)
  to   space 960K,   0% used [0x24a50000, 0x24a50000, 0x24b40000)
 tenured generation   total 19692K, used 13304K [0x296f0000, 0x2aa2b000, 0x341a0000)
   the space 19692K,  67% used [0x296f0000, 0x2a3ee3e0, 0x2a3ee400, 0x2aa2b000)
 compacting perm gen  total 12288K, used 7442K [0x341a0000, 0x34da0000, 0x381a0000)
   the space 12288K,  60% used [0x341a0000, 0x348e4ab8, 0x348e4c00, 0x34da0000)
    ro space 10240K,  45% used [0x381a0000, 0x38629b28, 0x38629c00, 0x38ba0000)
    rw space 12288K,  54% used [0x38ba0000, 0x3922d0e8, 0x3922d200, 0x397a0000)
Event: 4.290 GC heap after
Heap after GC invocations=42 (full 2):
 def new generation   total 8896K, used 960K [0x241a0000, 0x24b40000, 0x296f0000)
  eden space 7936K,   0% used [0x241a0000, 0x241a0000, 0x24960000)
  from space 960K, 100% used [0x24a50000, 0x24b40000, 0x24b40000)
  to   space 960K,   0% used [0x24960000, 0x24960000, 0x24a50000)
 tenured generation   total 19692K, used 13940K [0x296f0000, 0x2aa2b000, 0x341a0000)
   the space 19692K,  70% used [0x296f0000, 0x2a48d350, 0x2a48d400, 0x2aa2b000)
 compacting perm gen  total 12288K, used 7442K [0x341a0000, 0x34da0000, 0x381a0000)
   the space 12288K,  60% used [0x341a0000, 0x348e4ab8, 0x348e4c00, 0x34da0000)
    ro space 10240K,  45% used [0x381a0000, 0x38629b28, 0x38629c00, 0x38ba0000)
    rw space 12288K,  54% used [0x38ba0000, 0x3922d0e8, 0x3922d200, 0x397a0000)
}
Event: 4.500 GC heap before
{Heap before GC invocations=42 (full 2):
 def new generation   total 8896K, used 8896K [0x241a0000, 0x24b40000, 0x296f0000)
  eden space 7936K, 100% used [0x241a0000, 0x24960000, 0x24960000)
  from space 960K, 100% used [0x24a50000, 0x24b40000, 0x24b40000)
  to   space 960K,   0% used [0x24960000, 0x24960000, 0x24a50000)
 tenured generation   total 19692K, used 13940K [0x296f0000, 0x2aa2b000, 0x341a0000)
   the space 19692K,  70% used [0x296f0000, 0x2a48d350, 0x2a48d400, 0x2aa2b000)
 compacting perm gen  total 12288K, used 9188K [0x341a0000, 0x34da0000, 0x381a0000)
   the space 12288K,  74% used [0x341a0000, 0x34a99170, 0x34a99200, 0x34da0000)
    ro space 10240K,  45% used [0x381a0000, 0x38629b28, 0x38629c00, 0x38ba0000)
    rw space 12288K,  54% used [0x38ba0000, 0x3922d0e8, 0x3922d200, 0x397a0000)
Event: 4.505 GC heap after
Heap after GC invocations=43 (full 2):
 def new generation   total 8896K, used 955K [0x241a0000, 0x24b40000, 0x296f0000)
  eden space 7936K,   0% used [0x241a0000, 0x241a0000, 0x24960000)
  from space 960K,  99% used [0x24960000, 0x24a4ed90, 0x24a50000)
  to   space 960K,   0% used [0x24a50000, 0x24a50000, 0x24b40000)
 tenured generation   total 19692K, used 14265K [0x296f0000, 0x2aa2b000, 0x341a0000)
   the space 19692K,  72% used [0x296f0000, 0x2a4de7b0, 0x2a4de800, 0x2aa2b000)
 compacting perm gen  total 12288K, used 9188K [0x341a0000, 0x34da0000, 0x381a0000)
   the space 12288K,  74% used [0x341a0000, 0x34a99170, 0x34a99200, 0x34da0000)
    ro space 10240K,  45% used [0x381a0000, 0x38629b28, 0x38629c00, 0x38ba0000)
    rw space 12288K,  54% used [0x38ba0000, 0x3922d0e8, 0x3922d200, 0x397a0000)
}
Event: 4.680 GC heap before
{Heap before GC invocations=43 (full 2):
 def new generation   total 8896K, used 8890K [0x241a0000, 0x24b40000, 0x296f0000)
  eden space 7936K,  99% used [0x241a0000, 0x2495fd60, 0x24960000)
  from space 960K,  99% used [0x24960000, 0x24a4ed90, 0x24a50000)
  to   space 960K,   0% used [0x24a50000, 0x24a50000, 0x24b40000)
 tenured generation   total 19692K, used 14265K [0x296f0000, 0x2aa2b000, 0x341a0000)
   the space 19692K,  72% used [0x296f0000, 0x2a4de7b0, 0x2a4de800, 0x2aa2b000)
 compacting perm gen  total 12288K, used 9552K [0x341a0000, 0x34da0000, 0x381a0000)
   the space 12288K,  77% used [0x341a0000, 0x34af41a0, 0x34af4200, 0x34da0000)
    ro space 10240K,  45% used [0x381a0000, 0x38629b28, 0x38629c00, 0x38ba0000)
    rw space 12288K,  54% used [0x38ba0000, 0x3922d0e8, 0x3922d200, 0x397a0000)
Event: 4.689 GC heap after
Heap after GC invocations=44 (full 2):
 def new generation   total 8896K, used 960K [0x241a0000, 0x24b40000, 0x296f0000)
  eden space 7936K,   0% used [0x241a0000, 0x241a0000, 0x24960000)
  from space 960K, 100% used [0x24a50000, 0x24b40000, 0x24b40000)
  to   space 960K,   0% used [0x24960000, 0x24960000, 0x24a50000)
 tenured generation   total 19692K, used 18240K [0x296f0000, 0x2aa2b000, 0x341a0000)
   the space 19692K,  92% used [0x296f0000, 0x2a8c0360, 0x2a8c0400, 0x2aa2b000)
 compacting perm gen  total 12288K, used 9552K [0x341a0000, 0x34da0000, 0x381a0000)
   the space 12288K,  77% used [0x341a0000, 0x34af41a0, 0x34af4200, 0x34da0000)
    ro space 10240K,  45% used [0x381a0000, 0x38629b28, 0x38629c00, 0x38ba0000)
    rw space 12288K,  54% used [0x38ba0000, 0x3922d0e8, 0x3922d200, 0x397a0000)
}
Event: 4.769 GC heap before
{Heap before GC invocations=44 (full 2):
 def new generation   total 8896K, used 8896K [0x241a0000, 0x24b40000, 0x296f0000)
  eden space 7936K, 100% used [0x241a0000, 0x24960000, 0x24960000)
  from space 960K, 100% used [0x24a50000, 0x24b40000, 0x24b40000)
  to   space 960K,   0% used [0x24960000, 0x24960000, 0x24a50000)
 tenured generation   total 19692K, used 18240K [0x296f0000, 0x2aa2b000, 0x341a0000)
   the space 19692K,  92% used [0x296f0000, 0x2a8c0360, 0x2a8c0400, 0x2aa2b000)
 compacting perm gen  total 12288K, used 9587K [0x341a0000, 0x34da0000, 0x381a0000)
   the space 12288K,  78% used [0x341a0000, 0x34afcd00, 0x34afce00, 0x34da0000)
    ro space 10240K,  45% used [0x381a0000, 0x38629b28, 0x38629c00, 0x38ba0000)
    rw space 12288K,  54% used [0x38ba0000, 0x3922d0e8, 0x3922d200, 0x397a0000)
Event: 4.846 GC heap after
Heap after GC invocations=45 (full 3):
 def new generation   total 15744K, used 0K [0x241a0000, 0x252b0000, 0x296f0000)
  eden space 14016K,   0% used [0x241a0000, 0x241a0000, 0x24f50000)
  from space 1728K,   0% used [0x24f50000, 0x24f50000, 0x25100000)
  to   space 1728K,   0% used [0x25100000, 0x25100000, 0x252b0000)
 tenured generation   total 34900K, used 20937K [0x296f0000, 0x2b905000, 0x341a0000)
   the space 34900K,  59% used [0x296f0000, 0x2ab62688, 0x2ab62800, 0x2b905000)
 compacting perm gen  total 12288K, used 9587K [0x341a0000, 0x34da0000, 0x381a0000)
   the space 12288K,  78% used [0x341a0000, 0x34afcd00, 0x34afce00, 0x34da0000)
    ro space 10240K,  45% used [0x381a0000, 0x38629b28, 0x38629c00, 0x38ba0000)
    rw space 12288K,  54% used [0x38ba0000, 0x3922d0e8, 0x3922d200, 0x397a0000)
}

