# JRE version: 7.0_25-b17
# Java VM: Java HotSpot(TM) Client VM (23.25-b01 mixed mode, sharing windows-x86 )
Heap
 def new generation   total 15552K, used 3904K [0x241a0000, 0x25280000, 0x296f0000)
  eden space 13824K,  17% used [0x241a0000, 0x243fb698, 0x24f20000)
  from space 1728K,  86% used [0x24f20000, 0x25094b40, 0x250d0000)
  to   space 1728K,   0% used [0x250d0000, 0x250d0000, 0x25280000)
 tenured generation   total 34440K, used 22357K [0x296f0000, 0x2b892000, 0x341a0000)
   the space 34440K,  64% used [0x296f0000, 0x2acc5608, 0x2acc5800, 0x2b892000)
 compacting perm gen  total 12288K, used 10127K [0x341a0000, 0x34da0000, 0x381a0000)
   the space 12288K,  82% used [0x341a0000, 0x34b83f40, 0x34b84000, 0x34da0000)
    ro space 10240K,  45% used [0x381a0000, 0x38629b28, 0x38629c00, 0x38ba0000)
    rw space 12288K,  54% used [0x38ba0000, 0x3922d0e8, 0x3922d200, 0x397a0000)
GC Heap History (10 events):
Event: 14.493 GC heap before
{Heap before GC invocations=42 (full 2):
 def new generation   total 9152K, used 9152K [0x241a0000, 0x24b80000, 0x296f0000)
  eden space 8192K, 100% used [0x241a0000, 0x249a0000, 0x249a0000)
  from space 960K, 100% used [0x249a0000, 0x24a90000, 0x24a90000)
  to   space 960K,   0% used [0x24a90000, 0x24a90000, 0x24b80000)
 tenured generation   total 20164K, used 14276K [0x296f0000, 0x2aaa1000, 0x341a0000)
   the space 20164K,  70% used [0x296f0000, 0x2a4e1058, 0x2a4e1200, 0x2aaa1000)
 compacting perm gen  total 12288K, used 9270K [0x341a0000, 0x34da0000, 0x381a0000)
   the space 12288K,  75% used [0x341a0000, 0x34aad970, 0x34aada00, 0x34da0000)
    ro space 10240K,  45% used [0x381a0000, 0x38629b28, 0x38629c00, 0x38ba0000)
    rw space 12288K,  54% used [0x38ba0000, 0x3922d0e8, 0x3922d200, 0x397a0000)
Event: 14.505 GC heap after
Heap after GC invocations=43 (full 2):
 def new generation   total 9152K, used 949K [0x241a0000, 0x24b80000, 0x296f0000)
  eden space 8192K,   0% used [0x241a0000, 0x241a0000, 0x249a0000)
  from space 960K,  98% used [0x24a90000, 0x24b7d760, 0x24b80000)
  to   space 960K,   0% used [0x249a0000, 0x249a0000, 0x24a90000)
 tenured generation   total 20164K, used 14965K [0x296f0000, 0x2aaa1000, 0x341a0000)
   the space 20164K,  74% used [0x296f0000, 0x2a58d670, 0x2a58d800, 0x2aaa1000)
 compacting perm gen  total 12288K, used 9270K [0x341a0000, 0x34da0000, 0x381a0000)
   the space 12288K,  75% used [0x341a0000, 0x34aad970, 0x34aada00, 0x34da0000)
    ro space 10240K,  45% used [0x381a0000, 0x38629b28, 0x38629c00, 0x38ba0000)
    rw space 12288K,  54% used [0x38ba0000, 0x3922d0e8, 0x3922d200, 0x397a0000)
}
Event: 14.999 GC heap before
{Heap before GC invocations=43 (full 2):
 def new generation   total 9152K, used 9141K [0x241a0000, 0x24b80000, 0x296f0000)
  eden space 8192K, 100% used [0x241a0000, 0x249a0000, 0x249a0000)
  from space 960K,  98% used [0x24a90000, 0x24b7d760, 0x24b80000)
  to   space 960K,   0% used [0x249a0000, 0x249a0000, 0x24a90000)
 tenured generation   total 20164K, used 14965K [0x296f0000, 0x2aaa1000, 0x341a0000)
   the space 20164K,  74% used [0x296f0000, 0x2a58d670, 0x2a58d800, 0x2aaa1000)
 compacting perm gen  total 12288K, used 9546K [0x341a0000, 0x34da0000, 0x381a0000)
   the space 12288K,  77% used [0x341a0000, 0x34af2a90, 0x34af2c00, 0x34da0000)
    ro space 10240K,  45% used [0x381a0000, 0x38629b28, 0x38629c00, 0x38ba0000)
    rw space 12288K,  54% used [0x38ba0000, 0x3922d0e8, 0x3922d200, 0x397a0000)
Event: 15.019 GC heap after
Heap after GC invocations=44 (full 2):
 def new generation   total 9152K, used 960K [0x241a0000, 0x24b80000, 0x296f0000)
  eden space 8192K,   0% used [0x241a0000, 0x241a0000, 0x249a0000)
  from space 960K, 100% used [0x249a0000, 0x24a90000, 0x24a90000)
  to   space 960K,   0% used [0x24a90000, 0x24a90000, 0x24b80000)
 tenured generation   total 20164K, used 19453K [0x296f0000, 0x2aaa1000, 0x341a0000)
   the space 20164K,  96% used [0x296f0000, 0x2a9ef5d8, 0x2a9ef600, 0x2aaa1000)
 compacting perm gen  total 12288K, used 9546K [0x341a0000, 0x34da0000, 0x381a0000)
   the space 12288K,  77% used [0x341a0000, 0x34af2a90, 0x34af2c00, 0x34da0000)
    ro space 10240K,  45% used [0x381a0000, 0x38629b28, 0x38629c00, 0x38ba0000)
    rw space 12288K,  54% used [0x38ba0000, 0x3922d0e8, 0x3922d200, 0x397a0000)
}
Event: 15.305 GC heap before
{Heap before GC invocations=44 (full 2):
 def new generation   total 9152K, used 9152K [0x241a0000, 0x24b80000, 0x296f0000)
  eden space 8192K, 100% used [0x241a0000, 0x249a0000, 0x249a0000)
  from space 960K, 100% used [0x249a0000, 0x24a90000, 0x24a90000)
  to   space 960K,   0% used [0x24a90000, 0x24a90000, 0x24b80000)
 tenured generation   total 20164K, used 19453K [0x296f0000, 0x2aaa1000, 0x341a0000)
   the space 20164K,  96% used [0x296f0000, 0x2a9ef5d8, 0x2a9ef600, 0x2aaa1000)
 compacting perm gen  total 12288K, used 9641K [0x341a0000, 0x34da0000, 0x381a0000)
   the space 12288K,  78% used [0x341a0000, 0x34b0a768, 0x34b0a800, 0x34da0000)
    ro space 10240K,  45% used [0x381a0000, 0x38629b28, 0x38629c00, 0x38ba0000)
    rw space 12288K,  54% used [0x38ba0000, 0x3922d0e8, 0x3922d200, 0x397a0000)
Event: 15.383 GC heap after
Heap after GC invocations=45 (full 3):
 def new generation   total 15552K, used 0K [0x241a0000, 0x25280000, 0x296f0000)
  eden space 13824K,   0% used [0x241a0000, 0x241a0000, 0x24f20000)
  from space 1728K,   0% used [0x24f20000, 0x24f20000, 0x250d0000)
  to   space 1728K,   0% used [0x250d0000, 0x250d0000, 0x25280000)
 tenured generation   total 34440K, used 20663K [0x296f0000, 0x2b892000, 0x341a0000)
   the space 34440K,  59% used [0x296f0000, 0x2ab1dec0, 0x2ab1e000, 0x2b892000)
 compacting perm gen  total 12288K, used 9641K [0x341a0000, 0x34da0000, 0x381a0000)
   the space 12288K,  78% used [0x341a0000, 0x34b0a768, 0x34b0a800, 0x34da0000)
    ro space 10240K,  45% used [0x381a0000, 0x38629b28, 0x38629c00, 0x38ba0000)
    rw space 12288K,  54% used [0x38ba0000, 0x3922d0e8, 0x3922d200, 0x397a0000)
}
Event: 16.442 GC heap before
{Heap before GC invocations=45 (full 3):
 def new generation   total 15552K, used 13824K [0x241a0000, 0x25280000, 0x296f0000)
  eden space 13824K, 100% used [0x241a0000, 0x24f20000, 0x24f20000)
  from space 1728K,   0% used [0x24f20000, 0x24f20000, 0x250d0000)
  to   space 1728K,   0% used [0x250d0000, 0x250d0000, 0x25280000)
 tenured generation   total 34440K, used 20663K [0x296f0000, 0x2b892000, 0x341a0000)
   the space 34440K,  59% used [0x296f0000, 0x2ab1dec0, 0x2ab1e000, 0x2b892000)
 compacting perm gen  total 12288K, used 9738K [0x341a0000, 0x34da0000, 0x381a0000)
   the space 12288K,  79% used [0x341a0000, 0x34b22b70, 0x34b22c00, 0x34da0000)
    ro space 10240K,  45% used [0x381a0000, 0x38629b28, 0x38629c00, 0x38ba0000)
    rw space 12288K,  54% used [0x38ba0000, 0x3922d0e8, 0x3922d200, 0x397a0000)
Event: 16.451 GC heap after
Heap after GC invocations=46 (full 3):
 def new generation   total 15552K, used 1728K [0x241a0000, 0x25280000, 0x296f0000)
  eden space 13824K,   0% used [0x241a0000, 0x241a0000, 0x24f20000)
  from space 1728K, 100% used [0x250d0000, 0x25280000, 0x25280000)
  to   space 1728K,   0% used [0x24f20000, 0x24f20000, 0x250d0000)
 tenured generation   total 34440K, used 21127K [0x296f0000, 0x2b892000, 0x341a0000)
   the space 34440K,  61% used [0x296f0000, 0x2ab91eb8, 0x2ab92000, 0x2b892000)
 compacting perm gen  total 12288K, used 9738K [0x341a0000, 0x34da0000, 0x381a0000)
   the space 12288K,  79% used [0x341a0000, 0x34b22b70, 0x34b22c00, 0x34da0000)
    ro space 10240K,  45% used [0x381a0000, 0x38629b28, 0x38629c00, 0x38ba0000)
    rw space 12288K,  54% used [0x38ba0000, 0x3922d0e8, 0x3922d200, 0x397a0000)
}
Event: 17.613 GC heap before
{Heap before GC invocations=46 (full 3):
 def new generation   total 15552K, used 15552K [0x241a0000, 0x25280000, 0x296f0000)
  eden space 13824K, 100% used [0x241a0000, 0x24f20000, 0x24f20000)
  from space 1728K, 100% used [0x250d0000, 0x25280000, 0x25280000)
  to   space 1728K,   0% used [0x24f20000, 0x24f20000, 0x250d0000)
 tenured generation   total 34440K, used 21127K [0x296f0000, 0x2b892000, 0x341a0000)
   the space 34440K,  61% used [0x296f0000, 0x2ab91eb8, 0x2ab92000, 0x2b892000)
 compacting perm gen  total 12288K, used 10127K [0x341a0000, 0x34da0000, 0x381a0000)
   the space 12288K,  82% used [0x341a0000, 0x34b83f40, 0x34b84000, 0x34da0000)
    ro space 10240K,  45% used [0x381a0000, 0x38629b28, 0x38629c00, 0x38ba0000)
    rw space 12288K,  54% used [0x38ba0000, 0x3922d0e8, 0x3922d200, 0x397a0000)
Event: 17.626 GC heap after
Heap after GC invocations=47 (full 3):
 def new generation   total 15552K, used 1490K [0x241a0000, 0x25280000, 0x296f0000)
  eden space 13824K,   0% used [0x241a0000, 0x241a0000, 0x24f20000)
  from space 1728K,  86% used [0x24f20000, 0x25094b40, 0x250d0000)
  to   space 1728K,   0% used [0x250d0000, 0x250d0000, 0x25280000)
 tenured generation   total 34440K, used 22357K [0x296f0000, 0x2b892000, 0x341a0000)
   the space 34440K,  64% used [0x296f0000, 0x2acc5608, 0x2acc5800, 0x2b892000)
 compacting perm gen  total 12288K, used 10127K [0x341a0000, 0x34da0000, 0x381a0000)
   the space 12288K,  82% used [0x341a0000, 0x34b83f40, 0x34b84000, 0x34da0000)
    ro space 10240K,  45% used [0x381a0000, 0x38629b28, 0x38629c00, 0x38ba0000)
    rw space 12288K,  54% used [0x38ba0000, 0x3922d0e8, 0x3922d200, 0x397a0000)
}

