# JRE version: 7.0_25-b17
# Java VM: Java HotSpot(TM) Client VM (23.25-b01 mixed mode, sharing windows-x86 )
Heap
 def new generation   total 8896K, used 7549K [0x241a0000, 0x24b40000, 0x296f0000)
  eden space 7936K,  95% used [0x241a0000, 0x248ff520, 0x24960000)
  from space 960K,   0% used [0x24960000, 0x24960000, 0x24a50000)
  to   space 960K,   0% used [0x24a50000, 0x24a50000, 0x24b40000)
 tenured generation   total 19652K, used 11789K [0x296f0000, 0x2aa21000, 0x341a0000)
   the space 19652K,  59% used [0x296f0000, 0x2a273640, 0x2a273800, 0x2aa21000)
 compacting perm gen  total 12288K, used 6945K [0x341a0000, 0x34da0000, 0x381a0000)
   the space 12288K,  56% used [0x341a0000, 0x34868480, 0x34868600, 0x34da0000)
    ro space 10240K,  45% used [0x381a0000, 0x38629b28, 0x38629c00, 0x38ba0000)
    rw space 12288K,  54% used [0x38ba0000, 0x3922d0e8, 0x3922d200, 0x397a0000)
GC Heap History (10 events):
Event: 2.217 GC heap before
{Heap before GC invocations=31 (full 1):
 def new generation   total 5888K, used 5888K [0x241a0000, 0x24800000, 0x296f0000)
  eden space 5248K, 100% used [0x241a0000, 0x246c0000, 0x246c0000)
  from space 640K, 100% used [0x24760000, 0x24800000, 0x24800000)
  to   space 640K,   0% used [0x246c0000, 0x246c0000, 0x24760000)
 tenured generation   total 13044K, used 11465K [0x296f0000, 0x2a3ad000, 0x341a0000)
   the space 13044K,  87% used [0x296f0000, 0x2a2226e8, 0x2a222800, 0x2a3ad000)
 compacting perm gen  total 12288K, used 6586K [0x341a0000, 0x34da0000, 0x381a0000)
   the space 12288K,  53% used [0x341a0000, 0x3480e908, 0x3480ea00, 0x34da0000)
    ro space 10240K,  45% used [0x381a0000, 0x38629b28, 0x38629c00, 0x38ba0000)
    rw space 12288K,  54% used [0x38ba0000, 0x3922d0e8, 0x3922d200, 0x397a0000)
Event: 2.219 GC heap after
Heap after GC invocations=32 (full 1):
 def new generation   total 5888K, used 640K [0x241a0000, 0x24800000, 0x296f0000)
  eden space 5248K,   0% used [0x241a0000, 0x241a0000, 0x246c0000)
  from space 640K, 100% used [0x246c0000, 0x24760000, 0x24760000)
  to   space 640K,   0% used [0x24760000, 0x24760000, 0x24800000)
 tenured generation   total 13044K, used 11885K [0x296f0000, 0x2a3ad000, 0x341a0000)
   the space 13044K,  91% used [0x296f0000, 0x2a28b5a8, 0x2a28b600, 0x2a3ad000)
 compacting perm gen  total 12288K, used 6586K [0x341a0000, 0x34da0000, 0x381a0000)
   the space 12288K,  53% used [0x341a0000, 0x3480e908, 0x3480ea00, 0x34da0000)
    ro space 10240K,  45% used [0x381a0000, 0x38629b28, 0x38629c00, 0x38ba0000)
    rw space 12288K,  54% used [0x38ba0000, 0x3922d0e8, 0x3922d200, 0x397a0000)
}
Event: 2.301 GC heap before
{Heap before GC invocations=32 (full 1):
 def new generation   total 5888K, used 5888K [0x241a0000, 0x24800000, 0x296f0000)
  eden space 5248K, 100% used [0x241a0000, 0x246c0000, 0x246c0000)
  from space 640K, 100% used [0x246c0000, 0x24760000, 0x24760000)
  to   space 640K,   0% used [0x24760000, 0x24760000, 0x24800000)
 tenured generation   total 13044K, used 11885K [0x296f0000, 0x2a3ad000, 0x341a0000)
   the space 13044K,  91% used [0x296f0000, 0x2a28b5a8, 0x2a28b600, 0x2a3ad000)
 compacting perm gen  total 12288K, used 6586K [0x341a0000, 0x34da0000, 0x381a0000)
   the space 12288K,  53% used [0x341a0000, 0x3480e9e8, 0x3480ea00, 0x34da0000)
    ro space 10240K,  45% used [0x381a0000, 0x38629b28, 0x38629c00, 0x38ba0000)
    rw space 12288K,  54% used [0x38ba0000, 0x3922d0e8, 0x3922d200, 0x397a0000)
Event: 2.303 GC heap after
Heap after GC invocations=33 (full 1):
 def new generation   total 5888K, used 639K [0x241a0000, 0x24800000, 0x296f0000)
  eden space 5248K,   0% used [0x241a0000, 0x241a0000, 0x246c0000)
  from space 640K,  99% used [0x24760000, 0x247ffff0, 0x24800000)
  to   space 640K,   0% used [0x246c0000, 0x246c0000, 0x24760000)
 tenured generation   total 13044K, used 12190K [0x296f0000, 0x2a3ad000, 0x341a0000)
   the space 13044K,  93% used [0x296f0000, 0x2a2d78d0, 0x2a2d7a00, 0x2a3ad000)
 compacting perm gen  total 12288K, used 6586K [0x341a0000, 0x34da0000, 0x381a0000)
   the space 12288K,  53% used [0x341a0000, 0x3480e9e8, 0x3480ea00, 0x34da0000)
    ro space 10240K,  45% used [0x381a0000, 0x38629b28, 0x38629c00, 0x38ba0000)
    rw space 12288K,  54% used [0x38ba0000, 0x3922d0e8, 0x3922d200, 0x397a0000)
}
Event: 2.350 GC heap before
{Heap before GC invocations=33 (full 1):
 def new generation   total 5888K, used 5887K [0x241a0000, 0x24800000, 0x296f0000)
  eden space 5248K, 100% used [0x241a0000, 0x246c0000, 0x246c0000)
  from space 640K,  99% used [0x24760000, 0x247ffff0, 0x24800000)
  to   space 640K,   0% used [0x246c0000, 0x246c0000, 0x24760000)
 tenured generation   total 13044K, used 12190K [0x296f0000, 0x2a3ad000, 0x341a0000)
   the space 13044K,  93% used [0x296f0000, 0x2a2d78d0, 0x2a2d7a00, 0x2a3ad000)
 compacting perm gen  total 12288K, used 6588K [0x341a0000, 0x34da0000, 0x381a0000)
   the space 12288K,  53% used [0x341a0000, 0x3480f378, 0x3480f400, 0x34da0000)
    ro space 10240K,  45% used [0x381a0000, 0x38629b28, 0x38629c00, 0x38ba0000)
    rw space 12288K,  54% used [0x38ba0000, 0x3922d0e8, 0x3922d200, 0x397a0000)
Event: 2.353 GC heap after
Heap after GC invocations=34 (full 1):
 def new generation   total 5888K, used 515K [0x241a0000, 0x24800000, 0x296f0000)
  eden space 5248K,   0% used [0x241a0000, 0x241a0000, 0x246c0000)
  from space 640K,  80% used [0x246c0000, 0x24740f80, 0x24760000)
  to   space 640K,   0% used [0x24760000, 0x24760000, 0x24800000)
 tenured generation   total 13044K, used 12663K [0x296f0000, 0x2a3ad000, 0x341a0000)
   the space 13044K,  97% used [0x296f0000, 0x2a34dd68, 0x2a34de00, 0x2a3ad000)
 compacting perm gen  total 12288K, used 6588K [0x341a0000, 0x34da0000, 0x381a0000)
   the space 12288K,  53% used [0x341a0000, 0x3480f378, 0x3480f400, 0x34da0000)
    ro space 10240K,  45% used [0x381a0000, 0x38629b28, 0x38629c00, 0x38ba0000)
    rw space 12288K,  54% used [0x38ba0000, 0x3922d0e8, 0x3922d200, 0x397a0000)
}
Event: 2.435 GC heap before
{Heap before GC invocations=34 (full 1):
 def new generation   total 5888K, used 5763K [0x241a0000, 0x24800000, 0x296f0000)
  eden space 5248K, 100% used [0x241a0000, 0x246c0000, 0x246c0000)
  from space 640K,  80% used [0x246c0000, 0x24740f80, 0x24760000)
  to   space 640K,   0% used [0x24760000, 0x24760000, 0x24800000)
 tenured generation   total 13044K, used 12663K [0x296f0000, 0x2a3ad000, 0x341a0000)
   the space 13044K,  97% used [0x296f0000, 0x2a34dd68, 0x2a34de00, 0x2a3ad000)
 compacting perm gen  total 12288K, used 6588K [0x341a0000, 0x34da0000, 0x381a0000)
   the space 12288K,  53% used [0x341a0000, 0x3480f388, 0x3480f400, 0x34da0000)
    ro space 10240K,  45% used [0x381a0000, 0x38629b28, 0x38629c00, 0x38ba0000)
    rw space 12288K,  54% used [0x38ba0000, 0x3922d0e8, 0x3922d200, 0x397a0000)
Event: 2.437 GC heap after
Heap after GC invocations=35 (full 1):
 def new generation   total 5888K, used 545K [0x241a0000, 0x24800000, 0x296f0000)
  eden space 5248K,   0% used [0x241a0000, 0x241a0000, 0x246c0000)
  from space 640K,  85% used [0x24760000, 0x247e86f8, 0x24800000)
  to   space 640K,   0% used [0x246c0000, 0x246c0000, 0x24760000)
 tenured generation   total 13044K, used 12936K [0x296f0000, 0x2a3ad000, 0x341a0000)
   the space 13044K,  99% used [0x296f0000, 0x2a392008, 0x2a392200, 0x2a3ad000)
 compacting perm gen  total 12288K, used 6588K [0x341a0000, 0x34da0000, 0x381a0000)
   the space 12288K,  53% used [0x341a0000, 0x3480f388, 0x3480f400, 0x34da0000)
    ro space 10240K,  45% used [0x381a0000, 0x38629b28, 0x38629c00, 0x38ba0000)
    rw space 12288K,  54% used [0x38ba0000, 0x3922d0e8, 0x3922d200, 0x397a0000)
}
Event: 2.853 GC heap before
{Heap before GC invocations=35 (full 1):
 def new generation   total 5888K, used 5793K [0x241a0000, 0x24800000, 0x296f0000)
  eden space 5248K, 100% used [0x241a0000, 0x246c0000, 0x246c0000)
  from space 640K,  85% used [0x24760000, 0x247e86f8, 0x24800000)
  to   space 640K,   0% used [0x246c0000, 0x246c0000, 0x24760000)
 tenured generation   total 13044K, used 12936K [0x296f0000, 0x2a3ad000, 0x341a0000)
   the space 13044K,  99% used [0x296f0000, 0x2a392008, 0x2a392200, 0x2a3ad000)
 compacting perm gen  total 12288K, used 6635K [0x341a0000, 0x34da0000, 0x381a0000)
   the space 12288K,  54% used [0x341a0000, 0x3481ae70, 0x3481b000, 0x34da0000)
    ro space 10240K,  45% used [0x381a0000, 0x38629b28, 0x38629c00, 0x38ba0000)
    rw space 12288K,  54% used [0x38ba0000, 0x3922d0e8, 0x3922d200, 0x397a0000)
Event: 2.894 GC heap after
Heap after GC invocations=36 (full 2):
 def new generation   total 8896K, used 0K [0x241a0000, 0x24b40000, 0x296f0000)
  eden space 7936K,   0% used [0x241a0000, 0x241a0000, 0x24960000)
  from space 960K,   0% used [0x24960000, 0x24960000, 0x24a50000)
  to   space 960K,   0% used [0x24a50000, 0x24a50000, 0x24b40000)
 tenured generation   total 19652K, used 11789K [0x296f0000, 0x2aa21000, 0x341a0000)
   the space 19652K,  59% used [0x296f0000, 0x2a273640, 0x2a273800, 0x2aa21000)
 compacting perm gen  total 12288K, used 6635K [0x341a0000, 0x34da0000, 0x381a0000)
   the space 12288K,  54% used [0x341a0000, 0x3481ae70, 0x3481b000, 0x34da0000)
    ro space 10240K,  45% used [0x381a0000, 0x38629b28, 0x38629c00, 0x38ba0000)
    rw space 12288K,  54% used [0x38ba0000, 0x3922d0e8, 0x3922d200, 0x397a0000)
}

